<?xml version="1.0" encoding="UTF-8"?>
<!-- Generated by org.testng.reporters.JUnitReportReporter -->
<testsuite hostname="DESKTOP-UVP1TE6" failures="0" tests="1" name="sample.Script1" time="3.219" errors="0" timestamp="2024-12-14T12:08:48 IST" skipped="0">
  <testcase classname="sample.Script1" name="demo" time="3.219"/>
</testsuite> <!-- sample.Script1 -->
